0 info it worked if it ends with ok
1 verbose cli [ '/usr/bin/node', '/usr/bin/npm', 'run', 'dev' ]
2 info using npm@3.10.10
3 info using node@v6.11.4
4 verbose run-script [ 'predev', 'dev', 'postdev' ]
5 info lifecycle vuejs@1.0.0~predev: vuejs@1.0.0
6 silly lifecycle vuejs@1.0.0~predev: no script for predev, continuing
7 info lifecycle vuejs@1.0.0~dev: vuejs@1.0.0
8 verbose lifecycle vuejs@1.0.0~dev: unsafe-perm in lifecycle true
9 verbose lifecycle vuejs@1.0.0~dev: PATH: /usr/lib/node_modules/npm/bin/node-gyp-bin:/home/mohit/vue.js/node_modules/.bin:/home/mohit/.local/share/umake/bin:/home/mohit/bin:/home/mohit/.local/bin:/home/mohit/.local/share/umake/bin:/home/mohit/bin:/home/mohit/.local/bin:/usr/local/sbin:/usr/local/bin:/usr/sbin:/usr/bin:/sbin:/bin:/usr/games:/usr/local/games:/snap/bin:/snap/bin
10 verbose lifecycle vuejs@1.0.0~dev: CWD: /home/mohit/vue.js
11 silly lifecycle vuejs@1.0.0~dev: Args: [ '-c',
11 silly lifecycle   'cross-env NODE_ENV=development webpack-dev-server --open --hot | npm run start-watch' ]
12 silly lifecycle vuejs@1.0.0~dev: Returned: code: 1  signal: null
13 info lifecycle vuejs@1.0.0~dev: Failed to exec dev script
14 verbose stack Error: vuejs@1.0.0 dev: `cross-env NODE_ENV=development webpack-dev-server --open --hot | npm run start-watch`
14 verbose stack Exit status 1
14 verbose stack     at EventEmitter.<anonymous> (/usr/lib/node_modules/npm/lib/utils/lifecycle.js:255:16)
14 verbose stack     at emitTwo (events.js:106:13)
14 verbose stack     at EventEmitter.emit (events.js:191:7)
14 verbose stack     at ChildProcess.<anonymous> (/usr/lib/node_modules/npm/lib/utils/spawn.js:40:14)
14 verbose stack     at emitTwo (events.js:106:13)
14 verbose stack     at ChildProcess.emit (events.js:191:7)
14 verbose stack     at maybeClose (internal/child_process.js:920:16)
14 verbose stack     at Process.ChildProcess._handle.onexit (internal/child_process.js:230:5)
15 verbose pkgid vuejs@1.0.0
16 verbose cwd /home/mohit/vue.js
17 error Linux 4.10.0-38-generic
18 error argv "/usr/bin/node" "/usr/bin/npm" "run" "dev"
19 error node v6.11.4
20 error npm  v3.10.10
21 error code ELIFECYCLE
22 error vuejs@1.0.0 dev: `cross-env NODE_ENV=development webpack-dev-server --open --hot | npm run start-watch`
22 error Exit status 1
23 error Failed at the vuejs@1.0.0 dev script 'cross-env NODE_ENV=development webpack-dev-server --open --hot | npm run start-watch'.
23 error Make sure you have the latest version of node.js and npm installed.
23 error If you do, this is most likely a problem with the vuejs package,
23 error not with npm itself.
23 error Tell the author that this fails on your system:
23 error     cross-env NODE_ENV=development webpack-dev-server --open --hot | npm run start-watch
23 error You can get information on how to open an issue for this project with:
23 error     npm bugs vuejs
23 error Or if that isn't available, you can get their info via:
23 error     npm owner ls vuejs
23 error There is likely additional logging output above.
24 verbose exit [ 1, true ]
